<?xml version="1.1" encoding="UTF-8"?>
<testsuite name="com.liqing.DuckTest" tests="4" failures="0" errors="0" timestamp="2013-09-03T13:21:21" hostname="localhost" time="0.0010">
  <properties/>
  <testcase name="shouldQuackWithNameWhenDuckIsQuacking" classname="com.liqing.DuckTest" time="0.0"/>
  <testcase name="shouldReturnQuackVoiceWhenSetNameAndDescription" classname="com.liqing.DuckTest" time="0.0010"/>
  <testcase name="shouldReturnDescriptionWhenToString" classname="com.liqing.DuckTest" time="0.0"/>
  <testcase name="shouldQuackWhenDuckIsQuacking" classname="com.liqing.DuckTest" time="0.0"/>
  <system-out><![CDATA[]]></system-out>
  <system-err><![CDATA[]]></system-err>
</testsuite>
